<?xml version="1.0" encoding="UTF-8"?>
<robot generator="Robot 4.0.1 (Python 3.9.4 on win32)" generated="20210505 23:55:23.553" rpa="false" schemaversion="2">
<suite id="s1" name="Carrinho" source="C:\rw5\parodifood\tests\carrinho.robot">
<test id="s1-t1" name="Deve adicionar 3 itens ao carrinho">
<kw name="Start Session" library="base" type="SETUP">
<kw name="New Browser" library="Browser">
<arg>chromium</arg>
<arg>False</arg>
<tag>BrowserControl</tag>
<tag>Setter</tag>
<doc>Create a new playwright Browser with specified options.
See `Browser, Context and Page` for more information about Browser and related concepts.</doc>
<msg timestamp="20210505 23:55:24.962" level="INFO">{"browser": "chromium", "headless": false, "handleSIGINT": true, "handleSIGTERM": true, "handleSIGHUP": true, "timeout": 30000.0, "devtools": false, "slowMo": 0.0}</msg>
<msg timestamp="20210505 23:55:25.288" level="INFO">Successfully created browser with options: {"browser":"chromium","headless":false,"handleSIGINT":true,"handleSIGTERM":true,"handleSIGHUP":true,"timeout":30000,"devtools":false,"slowMo":0}</msg>
<status status="PASS" starttime="20210505 23:55:24.962" endtime="20210505 23:55:25.288"/>
</kw>
<kw name="New Page" library="Browser">
<arg>http://parodifood.qaninja.academy/</arg>
<tag>BrowserControl</tag>
<tag>Setter</tag>
<doc>Open a new Page. A Page is the Playwright equivalent to a tab.
See `Browser, Context and Page` for more information about Page concept.
Returns a stable identifier for the created page.</doc>
<msg timestamp="20210505 23:55:29.225" level="INFO">Successfully initialized new page object and opened url: http://parodifood.qaninja.academy/</msg>
<status status="PASS" starttime="20210505 23:55:25.288" endtime="20210505 23:55:29.226"/>
</kw>
<kw name="Get Text" library="Browser">
<arg>css=span</arg>
<arg>contains</arg>
<arg>Nunca foi tão engraçado pedir comida</arg>
<tag>Assertion</tag>
<tag>Getter</tag>
<tag>PageContent</tag>
<doc>Returns text attribute of the element found by ``selector``.
See the `Finding elements` section for details about the selectors.</doc>
<status status="PASS" starttime="20210505 23:55:29.227" endtime="20210505 23:55:29.315"/>
</kw>
<status status="PASS" starttime="20210505 23:55:24.961" endtime="20210505 23:55:29.316"/>
</kw>
<kw name="Get JSON" library="base">
<var>${cart_json}</var>
<arg>cart.json</arg>
<kw name="Get File" library="OperatingSystem">
<var>${file}</var>
<arg>${EXECDIR}/resources/fixtures/${file_name}</arg>
<doc>Returns the contents of a specified file.</doc>
<msg timestamp="20210505 23:55:29.318" level="INFO" html="true">Getting file '&lt;a href="file://C:\rw5\parodifood\resources\fixtures\cart.json"&gt;C:\rw5\parodifood\resources\fixtures\cart.json&lt;/a&gt;'.</msg>
<msg timestamp="20210505 23:55:29.319" level="INFO">${file} = {
    "restaurant": "STARBUGS COFFEE",
    "desc": "Nada melhor que um café pra te ajudar a resolver um bug.",
    "products": [
        {
            "name": "Cappuccino com Chantilly"
        },
   ...</msg>
<status status="PASS" starttime="20210505 23:55:29.317" endtime="20210505 23:55:29.319"/>
</kw>
<kw name="Evaluate" library="BuiltIn">
<var>${super_var}</var>
<arg>json.loads($file)</arg>
<arg>json</arg>
<doc>Evaluates the given expression in Python and returns the result.</doc>
<msg timestamp="20210505 23:55:29.325" level="INFO">${super_var} = {'restaurant': 'STARBUGS COFFEE', 'desc': 'Nada melhor que um café pra te ajudar a resolver um bug.', 'products': [{'name': 'Cappuccino com Chantilly'}, {'name': 'Super Espreso'}, {'name': 'Starbugs 5...</msg>
<status status="PASS" starttime="20210505 23:55:29.319" endtime="20210505 23:55:29.325"/>
</kw>
<msg timestamp="20210505 23:55:29.326" level="INFO">${cart_json} = {'restaurant': 'STARBUGS COFFEE', 'desc': 'Nada melhor que um café pra te ajudar a resolver um bug.', 'products': [{'name': 'Cappuccino com Chantilly'}, {'name': 'Super Espreso'}, {'name': 'Starbugs 5...</msg>
<status status="PASS" starttime="20210505 23:55:29.316" endtime="20210505 23:55:29.326"/>
</kw>
<kw name="Go To Restaurants" library="search">
<kw name="Click" library="Browser">
<arg>text=Estou com fome!</arg>
<tag>PageContent</tag>
<tag>Setter</tag>
<doc>Simulates mouse click on the element found by ``selector``.</doc>
<status status="PASS" starttime="20210505 23:55:29.327" endtime="20210505 23:55:29.488"/>
</kw>
<kw name="Get Text" library="Browser">
<arg>css=h1 strong</arg>
<arg>contains</arg>
<arg>Ta na hora de matar a fome!</arg>
<tag>Assertion</tag>
<tag>Getter</tag>
<tag>PageContent</tag>
<doc>Returns text attribute of the element found by ``selector``.
See the `Finding elements` section for details about the selectors.</doc>
<status status="PASS" starttime="20210505 23:55:29.489" endtime="20210505 23:55:29.520"/>
</kw>
<status status="PASS" starttime="20210505 23:55:29.326" endtime="20210505 23:55:29.520"/>
</kw>
<kw name="Choose Restaurant">
<arg>${cart_json}</arg>
<msg timestamp="20210505 23:55:29.524" level="FAIL">No keyword with name 'Choose Restaurant' found.</msg>
<status status="FAIL" starttime="20210505 23:55:29.524" endtime="20210505 23:55:29.524"/>
</kw>
<for flavor="IN">
<var>${product}</var>
<value>@{cart_json["products"]}</value>
<iter>
<var name="${product}">${product}</var>
<kw name="Add To Cart" library="cart">
<arg>${product["name"]}</arg>
<status status="NOT RUN" starttime="20210505 23:55:29.525" endtime="20210505 23:55:29.525"/>
</kw>
<kw name="Should Add To Cart" library="cart">
<arg>${product["name"]}</arg>
<status status="NOT RUN" starttime="20210505 23:55:29.525" endtime="20210505 23:55:29.525"/>
</kw>
<status status="NOT RUN" starttime="20210505 23:55:29.525" endtime="20210505 23:55:29.525"/>
</iter>
<status status="NOT RUN" starttime="20210505 23:55:29.525" endtime="20210505 23:55:29.525"/>
</for>
<kw name="Total Cart Should Be" library="cart">
<arg>${cart_json["total"]}</arg>
<status status="NOT RUN" starttime="20210505 23:55:29.526" endtime="20210505 23:55:29.526"/>
</kw>
<kw name="Take Screenshot" library="Browser" type="TEARDOWN">
<tag>PageContent</tag>
<doc>Takes a screenshot of the current window and saves it to ``path``. Saves it as a png.</doc>
<msg timestamp="20210505 23:55:29.687" level="INFO" html="true">&lt;/td&gt;&lt;/tr&gt;&lt;tr&gt;&lt;td colspan="3"&gt;&lt;a href="browser/screenshot/robotframework-browser-screenshot-1.png"&gt;&lt;img src="browser/screenshot/robotframework-browser-screenshot-1.png" width="800px"&gt;&lt;/a&gt;</msg>
<status status="PASS" starttime="20210505 23:55:29.526" endtime="20210505 23:55:29.688"/>
</kw>
<tag>temp</tag>
<status status="FAIL" starttime="20210505 23:55:24.958" endtime="20210505 23:55:29.688">No keyword with name 'Choose Restaurant' found.</status>
</test>
<status status="FAIL" starttime="20210505 23:55:23.553" endtime="20210505 23:55:29.822"/>
</suite>
<statistics>
<total>
<stat pass="0" fail="1" skip="0">All Tests</stat>
</total>
<tag>
<stat pass="0" fail="1" skip="0">temp</stat>
</tag>
<suite>
<stat pass="0" fail="1" skip="0" id="s1" name="Carrinho">Carrinho</stat>
</suite>
</statistics>
<errors>
</errors>
</robot>
